<?xml version="1.0" encoding="UTF-8"?>
<!-- Generated by org.testng.reporters.JUnitReportReporter -->
<testsuite hostname="TYSS-Akash-Deb" failures="0" tests="5" name="testNg.Priority" time="0.028" errors="0" timestamp="24 Apr 2024 11:52:40 GMT" skipped="0">
  <testcase classname="testNg.Priority" name="register" time="0.016"/>
  <testcase classname="testNg.Priority" name="login" time="0.003"/>
  <testcase classname="testNg.Priority" name="addProduct" time="0.004"/>
  <testcase classname="testNg.Priority" name="payment" time="0.002"/>
  <testcase classname="testNg.Priority" name="logout" time="0.003"/>
</testsuite> <!-- testNg.Priority -->
