<?xml version="1.0" encoding="UTF-8"?>
<!-- Generated by org.testng.reporters.JUnitReportReporter -->
<testsuite hostname="TYSS-Akash-Deb" failures="0" tests="1" name="testNg.GoogleTest" time="6.427" errors="0" timestamp="30 Apr 2024 11:35:11 GMT" skipped="0">
  <testcase classname="testNg.GoogleTest" name="googleTest" time="6.427"/>
</testsuite> <!-- testNg.GoogleTest -->
