<?xml version="1.0" encoding="UTF-8"?>
<!-- Generated by org.testng.reporters.JUnitReportReporter -->
<testsuite hostname="TYSS-Akash-Deb" failures="0" tests="2" name="testNg.GroupExecution" time="0.013" errors="0" timestamp="29 Apr 2024 12:35:29 GMT" skipped="0">
  <testcase classname="testNg.GroupExecution" name="addProduct" time="0.011"/>
  <testcase classname="testNg.GroupExecution" name="payment" time="0.002"/>
</testsuite> <!-- testNg.GroupExecution -->
