<?xml version="1.0" encoding="UTF-8"?>
<!-- Generated by org.testng.reporters.JUnitReportReporter -->
<testsuite hostname="TYSS-Akash-Deb" failures="0" tests="1" name="testNg.FacebookTest" time="5.604" errors="0" timestamp="30 Apr 2024 11:35:11 GMT" skipped="0">
  <testcase classname="testNg.FacebookTest" name="facebookTest" time="5.604"/>
</testsuite> <!-- testNg.FacebookTest -->
