<?xml version="1.0" encoding="UTF-8"?>
<!-- Generated by org.testng.reporters.JUnitReportReporter -->
<testsuite hostname="TYSS-Akash-Deb" failures="0" tests="5" name="testNg.Disable" time="0.018" errors="0" timestamp="24 Apr 2024 12:02:54 GMT" skipped="1">
  <testcase classname="testNg.Disable" name="register" time="0.012"/>
  <testcase classname="testNg.Disable" name="login" time="0.002"/>
  <testcase classname="testNg.Disable" name="addProduct" time="0.001"/>
  <testcase classname="testNg.Disable" name="logout" time="0.003"/>
  <testcase classname="testNg.Disable" name="payment">
    <skipped/>
  </testcase> <!-- payment -->
</testsuite> <!-- testNg.Disable -->
