<?xml version="1.0" encoding="UTF-8"?>
<!-- Generated by org.testng.reporters.JUnitReportReporter -->
<testsuite hostname="TYSS-Akash-Deb" failures="0" tests="3" name="testNg.GoogleCrossBrowserTest" time="26.092" errors="0" timestamp="30 Apr 2024 11:54:05 GMT" skipped="0">
  <testcase classname="testNg.GoogleCrossBrowserTest" name="googleTest" time="6.009"/>
  <testcase classname="testNg.GoogleCrossBrowserTest" name="googleTest" time="7.639"/>
  <testcase classname="testNg.GoogleCrossBrowserTest" name="googleTest" time="12.444"/>
</testsuite> <!-- testNg.GoogleCrossBrowserTest -->
