<?xml version="1.0" encoding="UTF-8"?>
<!-- Generated by org.testng.reporters.JUnitReportReporter -->
<testsuite hostname="TYSS-Akash-Deb" failures="0" tests="3" name="testNg.MultipleData" time="0.013" errors="0" timestamp="29 Apr 2024 12:27:34 GMT" skipped="0">
  <testcase classname="testNg.MultipleData" name="product" time="0.002"/>
  <testcase classname="testNg.MultipleData" name="product" time="0.009"/>
  <testcase classname="testNg.MultipleData" name="product" time="0.002"/>
</testsuite> <!-- testNg.MultipleData -->
