<?xml version="1.0" encoding="UTF-8"?>
<!-- Generated by org.testng.reporters.JUnitReportReporter -->
<testsuite hostname="TYSS-Akash-Deb" failures="0" tests="2" name="webElements.ToRegisterAndLoginUser" time="12.794" errors="0" timestamp="29 Apr 2024 12:18:16 GMT" skipped="0">
  <testcase classname="webElements.ToRegisterAndLoginUser" name="registerUser" time="10.782"/>
  <testcase classname="webElements.ToRegisterAndLoginUser" name="loginUser" time="2.012"/>
</testsuite> <!-- webElements.ToRegisterAndLoginUser -->
