<?xml version="1.0" encoding="UTF-8"?>
<!-- Generated by org.testng.reporters.JUnitReportReporter -->
<testsuite hostname="TYSS-Akash-Deb" failures="0" tests="2" name="testNg.PostPoneAssertion" time="0.012" errors="0" timestamp="29 Apr 2024 12:27:34 GMT" skipped="0">
  <testcase classname="testNg.PostPoneAssertion" name="test1" time="0.009"/>
  <testcase classname="testNg.PostPoneAssertion" name="test2" time="0.003"/>
</testsuite> <!-- testNg.PostPoneAssertion -->
