<?xml version="1.0" encoding="UTF-8"?>
<!-- Generated by org.testng.reporters.JUnitReportReporter -->
<testsuite hostname="TYSS-Akash-Deb" failures="0" tests="2" name="genericUtils.BaseClass" time="0.012" errors="0" timestamp="25 Apr 2024 11:50:47 GMT" skipped="0">
  <testcase classname="genericUtils.BaseClass" name="test1" time="0.007"/>
  <testcase classname="genericUtils.BaseClass" name="test2" time="0.005"/>
</testsuite> <!-- genericUtils.BaseClass -->
