<?xml version="1.0" encoding="UTF-8"?>
<!-- Generated by org.testng.reporters.JUnitReportReporter -->
<testsuite hostname="TYSS-Akash-Deb" failures="0" tests="7" name="testNg.InvocationCount" time="0.025" errors="0" timestamp="24 Apr 2024 12:21:43 GMT" skipped="0">
  <testcase classname="testNg.InvocationCount" name="register" time="0.014"/>
  <testcase classname="testNg.InvocationCount" name="login" time="0.002"/>
  <testcase classname="testNg.InvocationCount" name="addProduct" time="0.003"/>
  <testcase classname="testNg.InvocationCount" name="addProduct" time="0.002"/>
  <testcase classname="testNg.InvocationCount" name="addProduct" time="0.001"/>
  <testcase classname="testNg.InvocationCount" name="payment" time="0.001"/>
  <testcase classname="testNg.InvocationCount" name="logout" time="0.002"/>
</testsuite> <!-- testNg.InvocationCount -->
