<?xml version="1.0" encoding="UTF-8"?>
<!-- Generated by org.testng.reporters.JUnitReportReporter -->
<testsuite hostname="TYSS-Akash-Deb" failures="0" tests="2" name="testNg.HardAssert" time="0.004" errors="0" timestamp="29 Apr 2024 12:27:34 GMT" skipped="0">
  <testcase classname="testNg.HardAssert" name="test1" time="0.002"/>
  <testcase classname="testNg.HardAssert" name="test2" time="0.002"/>
</testsuite> <!-- testNg.HardAssert -->
